-------------------------------------------------------------------------------
Test set: hello.CalculatorTests
-------------------------------------------------------------------------------
Tests run: 3, Failures: 1, Errors: 0, Skipped: 0, Time elapsed: 1.831 s <<< FAILURE! - in hello.CalculatorTests
hello.CalculatorTests.testComplexExpression  Time elapsed: 0.007 s  <<< FAILURE!
org.opentest4j.AssertionFailedError: expected: <true> but was: <false>
	at hello.CalculatorTests.testComplexExpression(CalculatorTests.java:59)

